<?xml version="1.0" encoding="UTF-8"?>
<testsuite name="EncryptDecryptTest" tests="1" skipped="0" failures="0" errors="0" timestamp="2019-10-14T20:07:10" hostname="DESKTOP-E1L2LRN" time="0.095">
  <properties/>
  <testcase name="start" classname="EncryptDecryptTest" time="0.095"/>
  <system-out><![CDATA[]]></system-out>
  <system-err><![CDATA[Start test 1
Start test 2
Start test 3
Start test 4
Start test 5
Start test 6
Start test 7
Start test 8
Start test 9
Start test 10
Start test 11
]]></system-err>
</testsuite>
